<?xml version="1.0" encoding="UTF-8"?>
<testng-results ignored="0" total="1" passed="1" failed="0" skipped="0">
  <reporter-output>
  </reporter-output>
  <suite started-at="2024-03-07T10:40:11 IST" name="Suite" finished-at="2024-03-07T10:45:16 IST" duration-ms="304538">
    <groups>
    </groups>
    <test started-at="2024-03-07T10:40:11 IST" name="chrome" finished-at="2024-03-07T10:45:16 IST" duration-ms="304538">
      <class name="testScripts.PricingInput.TestCases_PricingInput">
        <test-method is-config="true" signature="initialize(java.lang.String)[pri:0, instance:testScripts.PricingInput.TestCases_PricingInput@766653e6]" started-at="2024-03-07T10:40:12 IST" name="initialize" finished-at="2024-03-07T10:41:45 IST" duration-ms="93317" status="PASS">
          <params>
            <param index="0">
              <value>
                <![CDATA[microsoftedge]]>
              </value>
            </param>
          </params>
          <reporter-output>
          </reporter-output>
        </test-method> <!-- initialize -->
        <test-method signature="PriceInputValidation()[pri:0, instance:testScripts.PricingInput.TestCases_PricingInput@766653e6]" started-at="2024-03-07T10:41:45 IST" name="PriceInputValidation" finished-at="2024-03-07T10:45:16 IST" duration-ms="210735" status="PASS">
          <reporter-output>
          </reporter-output>
        </test-method> <!-- PriceInputValidation -->
      </class> <!-- testScripts.PricingInput.TestCases_PricingInput -->
    </test> <!-- chrome -->
  </suite> <!-- Suite -->
</testng-results>
