<?xml version="1.0" encoding="UTF-8"?>
<!-- Generated by org.testng.reporters.JUnitXMLReporter -->
<testsuite ignored="0" hostname="KDC1-L-3326JG9" failures="1" tests="4" name="chrome" time="335.484" errors="0" timestamp="2024-04-01T13:02:17 IST">
  <testcase classname="testComponents.BaseTest" name="initialize" time="15.801"/>
  <testcase classname="testComponents.Login" name="initElement" time="0.027"/>
  <testcase classname="testComponents.Login" name="LoginApplication" time="39.584"/>
  <testcase classname="testScripts.Opportunities.TestCases_Opportunities" name="viewOpportunitiesPage" time="279.211">
    <failure type="java.lang.IndexOutOfBoundsException" message="Index 0 out of bounds for length 0">
      <![CDATA[java.lang.IndexOutOfBoundsException: Index 0 out of bounds for length 0
at java.base/jdk.internal.util.Preconditions.outOfBounds(Preconditions.java:64)
at java.base/jdk.internal.util.Preconditions.outOfBoundsCheckIndex(Preconditions.java:70)
at java.base/jdk.internal.util.Preconditions.checkIndex(Preconditions.java:266)
at java.base/java.util.Objects.checkIndex(Objects.java:361)
at java.base/java.util.ArrayList.get(ArrayList.java:427)
at reusableComponents.ActionEngine.handleUnExpectedPopUp(ActionEngine.java:210)
at reusableComponents.ActionEngine.clickElement(ActionEngine.java:55)
at reusableComponents.FunctionLibrary.clickElement(FunctionLibrary.java:850)
at pageObjects.OpportunitiesPage.createComposition(OpportunitiesPage.java:488)
at testScripts.Opportunities.TestCases_Opportunities.viewOpportunitiesPage(TestCases_Opportunities.java:65)
at java.base/java.util.ArrayList.forEach(ArrayList.java:1511)
... Removed 27 stack frames]]>
    </failure>
  </testcase> <!-- viewOpportunitiesPage -->
</testsuite> <!-- chrome -->
