<?xml version="1.0" encoding="UTF-8"?>
<!-- Generated by org.testng.reporters.JUnitXMLReporter -->
<testsuite ignored="0" hostname="KDC1-L-3326JG9" failures="0" tests="4" name="Test" time="519.848" errors="0" timestamp="2024-04-01T10:40:09 IST">
  <testcase classname="testComponents.BaseTest" name="initialize" time="14.874"/>
  <testcase classname="testComponents.Login" name="initElement" time="0.015"/>
  <testcase classname="testComponents.Login" name="LoginApplication" time="40.394"/>
  <testcase classname="testScripts.WRWS.TestCases_WRWS" name="WRWS" time="464.056"/>
</testsuite> <!-- Test -->
