<?xml version="1.0" encoding="UTF-8"?>
<testng-results ignored="0" total="4" passed="3" failed="1" skipped="0">
  <reporter-output>
  </reporter-output>
  <suite started-at="2024-04-01T12:56:41 IST" name="Suite" finished-at="2024-04-01T13:02:16 IST" duration-ms="335484">
    <groups>
    </groups>
    <test started-at="2024-04-01T12:56:41 IST" name="chrome" finished-at="2024-04-01T13:02:16 IST" duration-ms="335484">
      <class name="testScripts.Opportunities.TestCases_Opportunities">
        <test-method signature="initialize(java.lang.String)[pri:0, instance:testScripts.Opportunities.TestCases_Opportunities@a82c5f1]" started-at="2024-04-01T12:56:41 IST" name="initialize" finished-at="2024-04-01T12:56:57 IST" duration-ms="15801" status="PASS">
          <params>
            <param index="0">
              <value>
                <![CDATA[microsoftedge]]>
              </value>
            </param>
          </params>
          <reporter-output>
          </reporter-output>
        </test-method> <!-- initialize -->
        <test-method signature="initElement()[pri:0, instance:testScripts.Opportunities.TestCases_Opportunities@a82c5f1]" started-at="2024-04-01T12:56:57 IST" name="initElement" finished-at="2024-04-01T12:56:57 IST" duration-ms="27" status="PASS">
          <reporter-output>
          </reporter-output>
        </test-method> <!-- initElement -->
        <test-method signature="LoginApplication()[pri:0, instance:testScripts.Opportunities.TestCases_Opportunities@a82c5f1]" started-at="2024-04-01T12:56:57 IST" name="LoginApplication" finished-at="2024-04-01T12:57:37 IST" depends-on-methods="testComponents.BaseTest.initialize, testComponents.Login.initElement" duration-ms="39584" status="PASS">
          <reporter-output>
          </reporter-output>
        </test-method> <!-- LoginApplication -->
        <test-method signature="viewOpportunitiesPage()[pri:0, instance:testScripts.Opportunities.TestCases_Opportunities@a82c5f1]" started-at="2024-04-01T12:57:37 IST" name="viewOpportunitiesPage" finished-at="2024-04-01T13:02:16 IST" depends-on-methods="testComponents.Login.LoginApplication" duration-ms="279211" status="FAIL">
          <exception class="java.lang.IndexOutOfBoundsException">
            <message>
              <![CDATA[Index 0 out of bounds for length 0]]>
            </message>
            <full-stacktrace>
              <![CDATA[java.lang.IndexOutOfBoundsException: Index 0 out of bounds for length 0
at java.base/jdk.internal.util.Preconditions.outOfBounds(Preconditions.java:64)
at java.base/jdk.internal.util.Preconditions.outOfBoundsCheckIndex(Preconditions.java:70)
at java.base/jdk.internal.util.Preconditions.checkIndex(Preconditions.java:266)
at java.base/java.util.Objects.checkIndex(Objects.java:361)
at java.base/java.util.ArrayList.get(ArrayList.java:427)
at reusableComponents.ActionEngine.handleUnExpectedPopUp(ActionEngine.java:210)
at reusableComponents.ActionEngine.clickElement(ActionEngine.java:55)
at reusableComponents.FunctionLibrary.clickElement(FunctionLibrary.java:850)
at pageObjects.OpportunitiesPage.createComposition(OpportunitiesPage.java:488)
at testScripts.Opportunities.TestCases_Opportunities.viewOpportunitiesPage(TestCases_Opportunities.java:65)
at java.base/jdk.internal.reflect.NativeMethodAccessorImpl.invoke0(Native Method)
at java.base/jdk.internal.reflect.NativeMethodAccessorImpl.invoke(NativeMethodAccessorImpl.java:77)
at java.base/jdk.internal.reflect.DelegatingMethodAccessorImpl.invoke(DelegatingMethodAccessorImpl.java:43)
at java.base/java.lang.reflect.Method.invoke(Method.java:568)
at org.testng.internal.invokers.MethodInvocationHelper.invokeMethod(MethodInvocationHelper.java:139)
at org.testng.internal.invokers.TestInvoker.invokeMethod(TestInvoker.java:677)
at org.testng.internal.invokers.TestInvoker.invokeTestMethod(TestInvoker.java:221)
at org.testng.internal.invokers.MethodRunner.runInSequence(MethodRunner.java:50)
at org.testng.internal.invokers.TestInvoker$MethodInvocationAgent.invoke(TestInvoker.java:969)
at org.testng.internal.invokers.TestInvoker.invokeTestMethods(TestInvoker.java:194)
at org.testng.internal.invokers.TestMethodWorker.invokeTestMethods(TestMethodWorker.java:148)
at org.testng.internal.invokers.TestMethodWorker.run(TestMethodWorker.java:128)
at java.base/java.util.ArrayList.forEach(ArrayList.java:1511)
at org.testng.TestRunner.privateRun(TestRunner.java:829)
at org.testng.TestRunner.run(TestRunner.java:602)
at org.testng.SuiteRunner.runTest(SuiteRunner.java:437)
at org.testng.SuiteRunner.runSequentially(SuiteRunner.java:431)
at org.testng.SuiteRunner.privateRun(SuiteRunner.java:391)
at org.testng.SuiteRunner.run(SuiteRunner.java:330)
at org.testng.SuiteRunnerWorker.runSuite(SuiteRunnerWorker.java:52)
at org.testng.SuiteRunnerWorker.run(SuiteRunnerWorker.java:95)
at org.testng.TestNG.runSuitesSequentially(TestNG.java:1256)
at org.testng.TestNG.runSuitesLocally(TestNG.java:1176)
at org.testng.TestNG.runSuites(TestNG.java:1099)
at org.testng.TestNG.run(TestNG.java:1067)
at org.testng.remote.AbstractRemoteTestNG.run(AbstractRemoteTestNG.java:115)
at org.testng.remote.RemoteTestNG.initAndRun(RemoteTestNG.java:251)
at org.testng.remote.RemoteTestNG.main(RemoteTestNG.java:77)
]]>
            </full-stacktrace>
          </exception> <!-- java.lang.IndexOutOfBoundsException -->
          <reporter-output>
          </reporter-output>
        </test-method> <!-- viewOpportunitiesPage -->
      </class> <!-- testScripts.Opportunities.TestCases_Opportunities -->
    </test> <!-- chrome -->
  </suite> <!-- Suite -->
</testng-results>
